<?xml version="1.0" encoding="UTF-8"?>
<!-- Generated by org.testng.reporters.JUnitXMLReporter -->
<testsuite hostname="ramsunkara" ignored="2" name="Launching On Chrome" tests="3" failures="0" timestamp="01 Oct 2019 07:30:52 GMT" time="94.19" errors="0">
  <testcase name="@BeforeMethod setUpTest" time="12.213" classname="com.mytests.BaseTest">
    <failure type="org.openqa.selenium.SessionNotCreatedException" message="session not created
from disconnected: received Inspector.detached event
  (Session info: chrome=77.0.3865.90)
Build info: version: &amp;apos;3.14.0&amp;apos;, revision: &amp;apos;aacccce0&amp;apos;, time: &amp;apos;2018-08-02T20:19:58.91Z&amp;apos;
System info: host: &amp;apos;RAMSUNKARA&amp;apos;, ip: &amp;apos;192.168.173.1&amp;apos;, os.name: &amp;apos;Windows 10&amp;apos;, os.arch: &amp;apos;amd64&amp;apos;, os.version: &amp;apos;10.0&amp;apos;, java.version: &amp;apos;1.8.0_201&amp;apos;
Driver info: driver.version: ChromeDriver
remote stacktrace: Backtrace:
	Ordinal0 [0x0036EB13+1501971]
	Ordinal0 [0x002EF6D1+980689]
	Ordinal0 [0x0027765F+489055]
	Ordinal0 [0x002702B5+459445]
	Ordinal0 [0x0026FEA4+458404]
	Ordinal0 [0x0026FA1D+457245]
	Ordinal0 [0x0026F21D+455197]
	Ordinal0 [0x0026EDE4+454116]
	Ordinal0 [0x0026EDA5+454053]
	Ordinal0 [0x0027374D+472909]
	Ordinal0 [0x0026ED5C+453980]
	Ordinal0 [0x0026F6D1+456401]
	Ordinal0 [0x0026F21D+455197]
	Ordinal0 [0x0026EDE4+454116]
	Ordinal0 [0x0026EDA5+454053]
	Ordinal0 [0x00272C67+470119]
	Ordinal0 [0x0026ED5C+453980]
	Ordinal0 [0x0026F6D1+456401]
	Ordinal0 [0x0026F21D+455197]
	Ordinal0 [0x0026EDE4+454116]
	Ordinal0 [0x0026EDA5+454053]
	Ordinal0 [0x0026BA0C+440844]
	Ordinal0 [0x0026ED5C+453980]
	Ordinal0 [0x0026EC44+453700]
	Ordinal0 [0x00278330+492336]
	Ordinal0 [0x0022A108+172296]
	Ordinal0 [0x0022942D+169005]
	Ordinal0 [0x002278EB+162027]
	Ordinal0 [0x00210AC7+68295]
	Ordinal0 [0x00211B40+72512]
	Ordinal0 [0x00211AD9+72409]
	Ordinal0 [0x00308F37+1085239]
	GetHandleVerifier [0x0040D7ED+503293]
	GetHandleVerifier [0x0040D580+502672]
	GetHandleVerifier [0x004146AC+531644]
	GetHandleVerifier [0x0040DFFA+505354]
	Ordinal0 [0x00300606+1050118]
	Ordinal0 [0x0030047F+1049727]
	Ordinal0 [0x0030AF9B+1093531]
	Ordinal0 [0x0030B103+1093891]
	Ordinal0 [0x0030A095+1089685]
	BaseThreadInitThunk [0x76348494+36]
	RtlAreBitsSet [0x76EE41C8+136]
	RtlAreBitsSet [0x76EE4198+88]
">
      <![CDATA[org.openqa.selenium.SessionNotCreatedException: session not created
from disconnected: received Inspector.detached event
  (Session info: chrome=77.0.3865.90)
Build info: version: '3.14.0', revision: 'aacccce0', time: '2018-08-02T20:19:58.91Z'
System info: host: 'RAMSUNKARA', ip: '192.168.173.1', os.name: 'Windows 10', os.arch: 'amd64', os.version: '10.0', java.version: '1.8.0_201'
Driver info: driver.version: ChromeDriver
remote stacktrace: Backtrace:
Ordinal0 [0x0036EB13+1501971]
Ordinal0 [0x002EF6D1+980689]
Ordinal0 [0x0027765F+489055]
Ordinal0 [0x002702B5+459445]
Ordinal0 [0x0026FEA4+458404]
Ordinal0 [0x0026FA1D+457245]
Ordinal0 [0x0026F21D+455197]
Ordinal0 [0x0026EDE4+454116]
Ordinal0 [0x0026EDA5+454053]
Ordinal0 [0x0027374D+472909]
Ordinal0 [0x0026ED5C+453980]
Ordinal0 [0x0026F6D1+456401]
Ordinal0 [0x0026F21D+455197]
Ordinal0 [0x0026EDE4+454116]
Ordinal0 [0x0026EDA5+454053]
Ordinal0 [0x00272C67+470119]
Ordinal0 [0x0026ED5C+453980]
Ordinal0 [0x0026F6D1+456401]
Ordinal0 [0x0026F21D+455197]
Ordinal0 [0x0026EDE4+454116]
Ordinal0 [0x0026EDA5+454053]
Ordinal0 [0x0026BA0C+440844]
Ordinal0 [0x0026ED5C+453980]
Ordinal0 [0x0026EC44+453700]
Ordinal0 [0x00278330+492336]
Ordinal0 [0x0022A108+172296]
Ordinal0 [0x0022942D+169005]
Ordinal0 [0x002278EB+162027]
Ordinal0 [0x00210AC7+68295]
Ordinal0 [0x00211B40+72512]
Ordinal0 [0x00211AD9+72409]
Ordinal0 [0x00308F37+1085239]
GetHandleVerifier [0x0040D7ED+503293]
GetHandleVerifier [0x0040D580+502672]
GetHandleVerifier [0x004146AC+531644]
GetHandleVerifier [0x0040DFFA+505354]
Ordinal0 [0x00300606+1050118]
Ordinal0 [0x0030047F+1049727]
Ordinal0 [0x0030AF9B+1093531]
Ordinal0 [0x0030B103+1093891]
Ordinal0 [0x0030A095+1089685]
BaseThreadInitThunk [0x76348494+36]
RtlAreBitsSet [0x76EE41C8+136]
RtlAreBitsSet [0x76EE4198+88]

at org.openqa.selenium.remote.W3CHandshakeResponse.lambda$new$0(W3CHandshakeResponse.java:57)
at org.openqa.selenium.remote.W3CHandshakeResponse.lambda$getResponseFunction$2(W3CHandshakeResponse.java:104)
at org.openqa.selenium.remote.ProtocolHandshake.lambda$createSession$0(ProtocolHandshake.java:122)
at java.util.stream.ReferencePipeline$3$1.accept(Unknown Source)
at java.util.Spliterators$ArraySpliterator.tryAdvance(Unknown Source)
at java.util.stream.ReferencePipeline.forEachWithCancel(Unknown Source)
at java.util.stream.AbstractPipeline.copyIntoWithCancel(Unknown Source)
at java.util.stream.AbstractPipeline.copyInto(Unknown Source)
at java.util.stream.AbstractPipeline.wrapAndCopyInto(Unknown Source)
at java.util.stream.FindOps$FindOp.evaluateSequential(Unknown Source)
at java.util.stream.AbstractPipeline.evaluate(Unknown Source)
at java.util.stream.ReferencePipeline.findFirst(Unknown Source)
at org.openqa.selenium.remote.ProtocolHandshake.createSession(ProtocolHandshake.java:125)
at org.openqa.selenium.remote.ProtocolHandshake.createSession(ProtocolHandshake.java:73)
at org.openqa.selenium.remote.HttpCommandExecutor.execute(HttpCommandExecutor.java:136)
at org.openqa.selenium.remote.service.DriverCommandExecutor.execute(DriverCommandExecutor.java:83)
at org.openqa.selenium.remote.RemoteWebDriver.execute(RemoteWebDriver.java:548)
at org.openqa.selenium.remote.RemoteWebDriver.startSession(RemoteWebDriver.java:212)
at org.openqa.selenium.remote.RemoteWebDriver.<init>(RemoteWebDriver.java:130)
at org.openqa.selenium.chrome.ChromeDriver.<init>(ChromeDriver.java:181)
at org.openqa.selenium.chrome.ChromeDriver.<init>(ChromeDriver.java:168)
at org.openqa.selenium.chrome.ChromeDriver.<init>(ChromeDriver.java:123)
at com.mytests.BaseTest.setUpTest(BaseTest.java:36)
at java.util.concurrent.FutureTask.run(Unknown Source)
at java.util.concurrent.ThreadPoolExecutor.runWorker(Unknown Source)
at java.util.concurrent.ThreadPoolExecutor$Worker.run(Unknown Source)
at java.lang.Thread.run(Unknown Source)
... Removed 23 stack frames]]>
    </failure>
  </testcase> <!-- @BeforeMethod setUpTest -->
  <testcase name="@AfterMethod tearDown" time="0.0" classname="com.mytests.BaseTest">
    <skipped/>
  </testcase> <!-- @AfterMethod tearDown -->
  <testcase name="verifydoLoginTest" time="40.777" classname="com.mytests.LoginTestN">
    <skipped/>
  </testcase> <!-- verifydoLoginTest -->
  <testcase name="verifydoLoginTest" time="12.036" classname="com.mytests.LoginTestN">
    <skipped/>
  </testcase> <!-- verifydoLoginTest -->
  <testcase name="verifydoLoginTest" time="0.0" classname="com.mytests.LoginTestN">
    <skipped/>
  </testcase> <!-- verifydoLoginTest -->
  <testcase name="verifyLogin" time="0.0" classname="com.mytests.LoginTestN">
    <ignored/>
  </testcase> <!-- verifyLogin -->
  <testcase name="verifyLoginPageHeaderTEst" time="0.0" classname="com.mytests.LoginTestN">
    <ignored/>
  </testcase> <!-- verifyLoginPageHeaderTEst -->
</testsuite> <!-- Launching On Chrome -->
